C:\Users\ktewelde\Documents\Visual Studio 2017\Test\src\Presentation\RG.Web\wwwroot\app\app.component.js
C:\Users\ktewelde\Documents\Visual Studio 2017\Test\src\Presentation\RG.Web\wwwroot\app\app.component.js.map
C:\Users\ktewelde\Documents\Visual Studio 2017\Test\src\Presentation\RG.Web\wwwroot\app\main.js
C:\Users\ktewelde\Documents\Visual Studio 2017\Test\src\Presentation\RG.Web\wwwroot\app\main.js.map
C:\Users\ktewelde\Documents\Visual Studio 2017\Test\src\Presentation\RG.Web\wwwroot\app\app.component.js
C:\Users\ktewelde\Documents\Visual Studio 2017\Test\src\Presentation\RG.Web\wwwroot\app\app.component.js.map
C:\Users\ktewelde\Documents\Visual Studio 2017\Test\src\Presentation\RG.Web\wwwroot\app\main.js
C:\Users\ktewelde\Documents\Visual Studio 2017\Test\src\Presentation\RG.Web\wwwroot\app\main.js.map
C:\Users\ktewelde\Documents\Visual Studio 2017\Test\src\Presentation\RG.Web\wwwroot\app\app.component.js
C:\Users\ktewelde\Documents\Visual Studio 2017\Test\src\Presentation\RG.Web\wwwroot\app\app.component.js.map
C:\Users\ktewelde\Documents\Visual Studio 2017\Test\src\Presentation\RG.Web\wwwroot\app\main.js
C:\Users\ktewelde\Documents\Visual Studio 2017\Test\src\Presentation\RG.Web\wwwroot\app\main.js.map
C:\Users\ktewelde\Documents\Visual Studio 2017\Test\src\Presentation\RG.Web\wwwroot\app\app.component.js
C:\Users\ktewelde\Documents\Visual Studio 2017\Test\src\Presentation\RG.Web\wwwroot\app\app.component.js.map
C:\Users\ktewelde\Documents\Visual Studio 2017\Test\src\Presentation\RG.Web\wwwroot\app\main.js
C:\Users\ktewelde\Documents\Visual Studio 2017\Test\src\Presentation\RG.Web\wwwroot\app\main.js.map
C:\Users\ktewelde\Documents\Visual Studio 2017\Test\src\Presentation\RG.Web\wwwroot\app\app.component.js
C:\Users\ktewelde\Documents\Visual Studio 2017\Test\src\Presentation\RG.Web\wwwroot\app\app.component.js.map
C:\Users\ktewelde\Documents\Visual Studio 2017\Test\src\Presentation\RG.Web\wwwroot\app\main.js
C:\Users\ktewelde\Documents\Visual Studio 2017\Test\src\Presentation\RG.Web\wwwroot\app\main.js.map
C:\Users\ktewelde\Documents\Visual Studio 2017\Test\src\Presentation\RG.Web\wwwroot\app\app.component.js
C:\Users\ktewelde\Documents\Visual Studio 2017\Test\src\Presentation\RG.Web\wwwroot\app\app.component.js.map
C:\Users\ktewelde\Documents\Visual Studio 2017\Test\src\Presentation\RG.Web\wwwroot\app\main.js
C:\Users\ktewelde\Documents\Visual Studio 2017\Test\src\Presentation\RG.Web\wwwroot\app\main.js.map
C:\Users\ktewelde\Documents\Visual Studio 2017\Test\src\Presentation\RG.Web\wwwroot\app\app.component.js
C:\Users\ktewelde\Documents\Visual Studio 2017\Test\src\Presentation\RG.Web\wwwroot\app\app.component.js.map
C:\Users\ktewelde\Documents\Visual Studio 2017\Test\src\Presentation\RG.Web\wwwroot\app\main.js
C:\Users\ktewelde\Documents\Visual Studio 2017\Test\src\Presentation\RG.Web\wwwroot\app\main.js.map
C:\Users\ktewelde\Documents\Visual Studio 2017\Test\src\Presentation\RG.Web\wwwroot\app\app.component.js
C:\Users\ktewelde\Documents\Visual Studio 2017\Test\src\Presentation\RG.Web\wwwroot\app\app.component.js.map
C:\Users\ktewelde\Documents\Visual Studio 2017\Test\src\Presentation\RG.Web\wwwroot\app\main.js
C:\Users\ktewelde\Documents\Visual Studio 2017\Test\src\Presentation\RG.Web\wwwroot\app\main.js.map
C:\Users\ktewelde\Documents\Visual Studio 2017\Test\src\Presentation\RG.Web\wwwroot\app\app.component.js
C:\Users\ktewelde\Documents\Visual Studio 2017\Test\src\Presentation\RG.Web\wwwroot\app\app.component.js.map
C:\Users\ktewelde\Documents\Visual Studio 2017\Test\src\Presentation\RG.Web\wwwroot\app\main.js
C:\Users\ktewelde\Documents\Visual Studio 2017\Test\src\Presentation\RG.Web\wwwroot\app\main.js.map
C:\Users\ktewelde\Documents\Visual Studio 2017\Test\src\Presentation\RG.Web\wwwroot\app\app.component.js
C:\Users\ktewelde\Documents\Visual Studio 2017\Test\src\Presentation\RG.Web\wwwroot\app\app.component.js.map
C:\Users\ktewelde\Documents\Visual Studio 2017\Test\src\Presentation\RG.Web\wwwroot\app\main.js
C:\Users\ktewelde\Documents\Visual Studio 2017\Test\src\Presentation\RG.Web\wwwroot\app\main.js.map
C:\Users\ktewelde\Documents\Visual Studio 2017\Test\src\Presentation\RG.Web\wwwroot\app\app.component.js
C:\Users\ktewelde\Documents\Visual Studio 2017\Test\src\Presentation\RG.Web\wwwroot\app\app.component.js.map
C:\Users\ktewelde\Documents\Visual Studio 2017\Test\src\Presentation\RG.Web\wwwroot\app\main.js
C:\Users\ktewelde\Documents\Visual Studio 2017\Test\src\Presentation\RG.Web\wwwroot\app\main.js.map
C:\Users\ktewelde\Documents\Visual Studio 2017\Test\src\Presentation\RG.Web\wwwroot\app\app.component.js
C:\Users\ktewelde\Documents\Visual Studio 2017\Test\src\Presentation\RG.Web\wwwroot\app\app.component.js.map
C:\Users\ktewelde\Documents\Visual Studio 2017\Test\src\Presentation\RG.Web\wwwroot\app\main.js
C:\Users\ktewelde\Documents\Visual Studio 2017\Test\src\Presentation\RG.Web\wwwroot\app\main.js.map
C:\Users\ktewelde\Documents\Visual Studio 2017\Test\src\Presentation\RG.Web\wwwroot\app\app.component.js
C:\Users\ktewelde\Documents\Visual Studio 2017\Test\src\Presentation\RG.Web\wwwroot\app\app.component.js.map
C:\Users\ktewelde\Documents\Visual Studio 2017\Test\src\Presentation\RG.Web\wwwroot\app\main.js
C:\Users\ktewelde\Documents\Visual Studio 2017\Test\src\Presentation\RG.Web\wwwroot\app\main.js.map
C:\Users\ktewelde\Documents\Visual Studio 2017\Test\src\Presentation\RG.Web\wwwroot\app\app.component.js
C:\Users\ktewelde\Documents\Visual Studio 2017\Test\src\Presentation\RG.Web\wwwroot\app\app.component.js.map
C:\Users\ktewelde\Documents\Visual Studio 2017\Test\src\Presentation\RG.Web\wwwroot\app\main.js
C:\Users\ktewelde\Documents\Visual Studio 2017\Test\src\Presentation\RG.Web\wwwroot\app\main.js.map
C:\Users\ktewelde\Documents\Visual Studio 2017\Test\src\Presentation\RG.Web\wwwroot\app\app.component.js
C:\Users\ktewelde\Documents\Visual Studio 2017\Test\src\Presentation\RG.Web\wwwroot\app\app.component.js.map
C:\Users\ktewelde\Documents\Visual Studio 2017\Test\src\Presentation\RG.Web\wwwroot\app\main.js
C:\Users\ktewelde\Documents\Visual Studio 2017\Test\src\Presentation\RG.Web\wwwroot\app\main.js.map
C:\Users\ktewelde\Documents\Visual Studio 2017\Test\src\Presentation\RG.Web\wwwroot\app\app.component.js
C:\Users\ktewelde\Documents\Visual Studio 2017\Test\src\Presentation\RG.Web\wwwroot\app\app.component.js.map
C:\Users\ktewelde\Documents\Visual Studio 2017\Test\src\Presentation\RG.Web\wwwroot\app\app.module.js
C:\Users\ktewelde\Documents\Visual Studio 2017\Test\src\Presentation\RG.Web\wwwroot\app\app.module.js.map
C:\Users\ktewelde\Documents\Visual Studio 2017\Test\src\Presentation\RG.Web\wwwroot\app\main.js
C:\Users\ktewelde\Documents\Visual Studio 2017\Test\src\Presentation\RG.Web\wwwroot\app\main.js.map
C:\Users\ktewelde\Documents\Visual Studio 2017\Test\src\Presentation\RG.Web\wwwroot\app\app.component.js
C:\Users\ktewelde\Documents\Visual Studio 2017\Test\src\Presentation\RG.Web\wwwroot\app\app.component.js.map
C:\Users\ktewelde\Documents\Visual Studio 2017\Test\src\Presentation\RG.Web\wwwroot\app\app.module.js
C:\Users\ktewelde\Documents\Visual Studio 2017\Test\src\Presentation\RG.Web\wwwroot\app\app.module.js.map
C:\Users\ktewelde\Documents\Visual Studio 2017\Test\src\Presentation\RG.Web\wwwroot\app\main.js
C:\Users\ktewelde\Documents\Visual Studio 2017\Test\src\Presentation\RG.Web\wwwroot\app\main.js.map
C:\Users\ktewelde\Documents\Visual Studio 2017\Test\src\Presentation\RG.Web\wwwroot\app\app.component.js
C:\Users\ktewelde\Documents\Visual Studio 2017\Test\src\Presentation\RG.Web\wwwroot\app\app.component.js.map
C:\Users\ktewelde\Documents\Visual Studio 2017\Test\src\Presentation\RG.Web\wwwroot\app\app.module.js
C:\Users\ktewelde\Documents\Visual Studio 2017\Test\src\Presentation\RG.Web\wwwroot\app\app.module.js.map
C:\Users\ktewelde\Documents\Visual Studio 2017\Test\src\Presentation\RG.Web\wwwroot\app\main.js
C:\Users\ktewelde\Documents\Visual Studio 2017\Test\src\Presentation\RG.Web\wwwroot\app\main.js.map
C:\Users\ktewelde\Documents\Visual Studio 2017\Test\src\Presentation\RG.Web\wwwroot\app\app.component.js
C:\Users\ktewelde\Documents\Visual Studio 2017\Test\src\Presentation\RG.Web\wwwroot\app\app.component.js.map
C:\Users\ktewelde\Documents\Visual Studio 2017\Test\src\Presentation\RG.Web\wwwroot\app\main.js
C:\Users\ktewelde\Documents\Visual Studio 2017\Test\src\Presentation\RG.Web\wwwroot\app\main.js.map
C:\Users\ktewelde\Documents\Visual Studio 2017\Test\src\Presentation\RG.Web\wwwroot\app\app.component.js
C:\Users\ktewelde\Documents\Visual Studio 2017\Test\src\Presentation\RG.Web\wwwroot\app\app.component.js.map
C:\Users\ktewelde\Documents\Visual Studio 2017\Test\src\Presentation\RG.Web\wwwroot\app\main.js
C:\Users\ktewelde\Documents\Visual Studio 2017\Test\src\Presentation\RG.Web\wwwroot\app\main.js.map
C:\Users\ktewelde\Documents\Visual Studio 2017\Test\src\Presentation\RG.Web\wwwroot\app\app.component.js
C:\Users\ktewelde\Documents\Visual Studio 2017\Test\src\Presentation\RG.Web\wwwroot\app\app.component.js.map
C:\Users\ktewelde\Documents\Visual Studio 2017\Test\src\Presentation\RG.Web\wwwroot\app\main.js
C:\Users\ktewelde\Documents\Visual Studio 2017\Test\src\Presentation\RG.Web\wwwroot\app\main.js.map
C:\Users\ktewelde\Documents\Visual Studio 2017\Test\src\Presentation\RG.Web\wwwroot\app\app.component.js
C:\Users\ktewelde\Documents\Visual Studio 2017\Test\src\Presentation\RG.Web\wwwroot\app\app.component.js.map
C:\Users\ktewelde\Documents\Visual Studio 2017\Test\src\Presentation\RG.Web\wwwroot\app\main.js
C:\Users\ktewelde\Documents\Visual Studio 2017\Test\src\Presentation\RG.Web\wwwroot\app\main.js.map
C:\Users\ktewelde\Documents\Visual Studio 2017\Test\src\Presentation\RG.Web\wwwroot\app\app.component.js
C:\Users\ktewelde\Documents\Visual Studio 2017\Test\src\Presentation\RG.Web\wwwroot\app\app.component.js.map
C:\Users\ktewelde\Documents\Visual Studio 2017\Test\src\Presentation\RG.Web\wwwroot\app\main.js
C:\Users\ktewelde\Documents\Visual Studio 2017\Test\src\Presentation\RG.Web\wwwroot\app\main.js.map
C:\Users\ktewelde\Documents\Visual Studio 2017\Test\src\Presentation\RG.Web\wwwroot\app\app.component.js
C:\Users\ktewelde\Documents\Visual Studio 2017\Test\src\Presentation\RG.Web\wwwroot\app\app.component.js.map
C:\Users\ktewelde\Documents\Visual Studio 2017\Test\src\Presentation\RG.Web\wwwroot\app\main.js
C:\Users\ktewelde\Documents\Visual Studio 2017\Test\src\Presentation\RG.Web\wwwroot\app\main.js.map
C:\Users\ktewelde\Documents\Visual Studio 2017\Test\src\Presentation\RG.Web\wwwroot\app\app.component.js
C:\Users\ktewelde\Documents\Visual Studio 2017\Test\src\Presentation\RG.Web\wwwroot\app\app.component.js.map
C:\Users\ktewelde\Documents\Visual Studio 2017\Test\src\Presentation\RG.Web\wwwroot\app\main.js
C:\Users\ktewelde\Documents\Visual Studio 2017\Test\src\Presentation\RG.Web\wwwroot\app\main.js.map
C:\Users\ktewelde\Documents\Visual Studio 2017\Test\src\Presentation\RG.Web\wwwroot\app\app.component.js
C:\Users\ktewelde\Documents\Visual Studio 2017\Test\src\Presentation\RG.Web\wwwroot\app\app.component.js.map
C:\Users\ktewelde\Documents\Visual Studio 2017\Test\src\Presentation\RG.Web\wwwroot\app\main.js
C:\Users\ktewelde\Documents\Visual Studio 2017\Test\src\Presentation\RG.Web\wwwroot\app\main.js.map
C:\Users\ktewelde\Documents\Visual Studio 2017\Test\src\Presentation\RG.Web\wwwroot\app\app.component.js
C:\Users\ktewelde\Documents\Visual Studio 2017\Test\src\Presentation\RG.Web\wwwroot\app\app.component.js.map
C:\Users\ktewelde\Documents\Visual Studio 2017\Test\src\Presentation\RG.Web\wwwroot\app\main.js
C:\Users\ktewelde\Documents\Visual Studio 2017\Test\src\Presentation\RG.Web\wwwroot\app\main.js.map
C:\Users\ktewelde\Documents\Visual Studio 2017\Test\src\Presentation\RG.Web\wwwroot\app\app.component.js
C:\Users\ktewelde\Documents\Visual Studio 2017\Test\src\Presentation\RG.Web\wwwroot\app\app.component.js.map
C:\Users\ktewelde\Documents\Visual Studio 2017\Test\src\Presentation\RG.Web\wwwroot\app\main.js
C:\Users\ktewelde\Documents\Visual Studio 2017\Test\src\Presentation\RG.Web\wwwroot\app\main.js.map
C:\Users\ktewelde\Documents\Visual Studio 2017\Test\src\Presentation\RG.Web\wwwroot\app\app.component.js
C:\Users\ktewelde\Documents\Visual Studio 2017\Test\src\Presentation\RG.Web\wwwroot\app\app.component.js.map
C:\Users\ktewelde\Documents\Visual Studio 2017\Test\src\Presentation\RG.Web\wwwroot\app\main.js
C:\Users\ktewelde\Documents\Visual Studio 2017\Test\src\Presentation\RG.Web\wwwroot\app\main.js.map
C:\Users\ktewelde\Documents\Visual Studio 2017\Test\src\Presentation\RG.Web\wwwroot\app\app.component.js
C:\Users\ktewelde\Documents\Visual Studio 2017\Test\src\Presentation\RG.Web\wwwroot\app\app.component.js.map
C:\Users\ktewelde\Documents\Visual Studio 2017\Test\src\Presentation\RG.Web\wwwroot\app\main.js
C:\Users\ktewelde\Documents\Visual Studio 2017\Test\src\Presentation\RG.Web\wwwroot\app\main.js.map
C:\Users\ktewelde\Documents\Visual Studio 2017\Test\src\Presentation\RG.Web\wwwroot\app\app.component.js
C:\Users\ktewelde\Documents\Visual Studio 2017\Test\src\Presentation\RG.Web\wwwroot\app\app.component.js.map
C:\Users\ktewelde\Documents\Visual Studio 2017\Test\src\Presentation\RG.Web\wwwroot\app\main.js
C:\Users\ktewelde\Documents\Visual Studio 2017\Test\src\Presentation\RG.Web\wwwroot\app\main.js.map
C:\Users\ktewelde\Documents\Visual Studio 2017\Test\src\Presentation\RG.Web\wwwroot\app\app.component.js
C:\Users\ktewelde\Documents\Visual Studio 2017\Test\src\Presentation\RG.Web\wwwroot\app\app.component.js.map
C:\Users\ktewelde\Documents\Visual Studio 2017\Test\src\Presentation\RG.Web\wwwroot\app\main.js
C:\Users\ktewelde\Documents\Visual Studio 2017\Test\src\Presentation\RG.Web\wwwroot\app\main.js.map
C:\Users\ktewelde\Documents\Visual Studio 2017\Test\src\Presentation\RG.Web\wwwroot\app\app.component.js
C:\Users\ktewelde\Documents\Visual Studio 2017\Test\src\Presentation\RG.Web\wwwroot\app\app.component.js.map
C:\Users\ktewelde\Documents\Visual Studio 2017\Test\src\Presentation\RG.Web\wwwroot\app\main.js
C:\Users\ktewelde\Documents\Visual Studio 2017\Test\src\Presentation\RG.Web\wwwroot\app\main.js.map
C:\Users\ktewelde\Documents\Visual Studio 2017\Test\src\Presentation\RG.Web\wwwroot\app\app.component.js
C:\Users\ktewelde\Documents\Visual Studio 2017\Test\src\Presentation\RG.Web\wwwroot\app\app.component.js.map
C:\Users\ktewelde\Documents\Visual Studio 2017\Test\src\Presentation\RG.Web\wwwroot\app\main.js
C:\Users\ktewelde\Documents\Visual Studio 2017\Test\src\Presentation\RG.Web\wwwroot\app\main.js.map
C:\Users\ktewelde\Documents\Visual Studio 2017\Test\src\Presentation\RG.Web\wwwroot\app\app.component.js
C:\Users\ktewelde\Documents\Visual Studio 2017\Test\src\Presentation\RG.Web\wwwroot\app\app.component.js.map
C:\Users\ktewelde\Documents\Visual Studio 2017\Test\src\Presentation\RG.Web\wwwroot\app\main.js
C:\Users\ktewelde\Documents\Visual Studio 2017\Test\src\Presentation\RG.Web\wwwroot\app\main.js.map
C:\Users\ktewelde\Documents\Visual Studio 2017\Test\src\Presentation\RG.Web\wwwroot\app\app.component.js
C:\Users\ktewelde\Documents\Visual Studio 2017\Test\src\Presentation\RG.Web\wwwroot\app\app.component.js.map
C:\Users\ktewelde\Documents\Visual Studio 2017\Test\src\Presentation\RG.Web\wwwroot\app\main.js
C:\Users\ktewelde\Documents\Visual Studio 2017\Test\src\Presentation\RG.Web\wwwroot\app\main.js.map
C:\Users\ktewelde\Documents\Visual Studio 2017\Test\src\Presentation\RG.Web\wwwroot\app\app.component.js
C:\Users\ktewelde\Documents\Visual Studio 2017\Test\src\Presentation\RG.Web\wwwroot\app\app.component.js.map
C:\Users\ktewelde\Documents\Visual Studio 2017\Test\src\Presentation\RG.Web\wwwroot\app\main.js
C:\Users\ktewelde\Documents\Visual Studio 2017\Test\src\Presentation\RG.Web\wwwroot\app\main.js.map
C:\Users\ktewelde\Documents\Visual Studio 2017\Test\src\Presentation\RG.Web\wwwroot\app\app.component.js
C:\Users\ktewelde\Documents\Visual Studio 2017\Test\src\Presentation\RG.Web\wwwroot\app\app.component.js.map
C:\Users\ktewelde\Documents\Visual Studio 2017\Test\src\Presentation\RG.Web\wwwroot\app\main.js
C:\Users\ktewelde\Documents\Visual Studio 2017\Test\src\Presentation\RG.Web\wwwroot\app\main.js.map
C:\Users\ktewelde\Documents\Visual Studio 2017\Test\src\Presentation\RG.Web\wwwroot\app\app.component.js
C:\Users\ktewelde\Documents\Visual Studio 2017\Test\src\Presentation\RG.Web\wwwroot\app\app.component.js.map
C:\Users\ktewelde\Documents\Visual Studio 2017\Test\src\Presentation\RG.Web\wwwroot\app\main.js
C:\Users\ktewelde\Documents\Visual Studio 2017\Test\src\Presentation\RG.Web\wwwroot\app\main.js.map
C:\Users\ktewelde\Documents\Visual Studio 2017\Test\src\Presentation\RG.Web\wwwroot\app\app.component.js
C:\Users\ktewelde\Documents\Visual Studio 2017\Test\src\Presentation\RG.Web\wwwroot\app\app.component.js.map
C:\Users\ktewelde\Documents\Visual Studio 2017\Test\src\Presentation\RG.Web\wwwroot\app\main.js
C:\Users\ktewelde\Documents\Visual Studio 2017\Test\src\Presentation\RG.Web\wwwroot\app\main.js.map
C:\Users\ktewelde\Documents\Visual Studio 2017\Test\src\Presentation\RG.Web\wwwroot\app\app.component.js
C:\Users\ktewelde\Documents\Visual Studio 2017\Test\src\Presentation\RG.Web\wwwroot\app\app.component.js.map
C:\Users\ktewelde\Documents\Visual Studio 2017\Test\src\Presentation\RG.Web\wwwroot\app\main.js
C:\Users\ktewelde\Documents\Visual Studio 2017\Test\src\Presentation\RG.Web\wwwroot\app\main.js.map
C:\Users\ktewelde\Documents\Visual Studio 2017\Test\src\Presentation\RG.Web\wwwroot\app\app.component.js
C:\Users\ktewelde\Documents\Visual Studio 2017\Test\src\Presentation\RG.Web\wwwroot\app\app.component.js.map
C:\Users\ktewelde\Documents\Visual Studio 2017\Test\src\Presentation\RG.Web\wwwroot\app\main.js
C:\Users\ktewelde\Documents\Visual Studio 2017\Test\src\Presentation\RG.Web\wwwroot\app\main.js.map
C:\Users\ktewelde\Documents\Visual Studio 2017\Test\src\Presentation\RG.Web\wwwroot\app\app.component.js
C:\Users\ktewelde\Documents\Visual Studio 2017\Test\src\Presentation\RG.Web\wwwroot\app\app.component.js.map
C:\Users\ktewelde\Documents\Visual Studio 2017\Test\src\Presentation\RG.Web\wwwroot\app\main.js
C:\Users\ktewelde\Documents\Visual Studio 2017\Test\src\Presentation\RG.Web\wwwroot\app\main.js.map
C:\Users\ktewelde\Documents\Visual Studio 2017\Test\src\Presentation\RG.Web\wwwroot\app\app.component.js
C:\Users\ktewelde\Documents\Visual Studio 2017\Test\src\Presentation\RG.Web\wwwroot\app\app.component.js.map
C:\Users\ktewelde\Documents\Visual Studio 2017\Test\src\Presentation\RG.Web\wwwroot\app\main.js
C:\Users\ktewelde\Documents\Visual Studio 2017\Test\src\Presentation\RG.Web\wwwroot\app\main.js.map
C:\Users\ktewelde\Documents\Visual Studio 2017\Test\src\Presentation\RG.Web\wwwroot\app\app.component.js
C:\Users\ktewelde\Documents\Visual Studio 2017\Test\src\Presentation\RG.Web\wwwroot\app\app.component.js.map
C:\Users\ktewelde\Documents\Visual Studio 2017\Test\src\Presentation\RG.Web\wwwroot\app\main.js
C:\Users\ktewelde\Documents\Visual Studio 2017\Test\src\Presentation\RG.Web\wwwroot\app\main.js.map
C:\Users\ktewelde\Documents\Visual Studio 2017\Test\src\Presentation\RG.Web\wwwroot\app\app.component.js
C:\Users\ktewelde\Documents\Visual Studio 2017\Test\src\Presentation\RG.Web\wwwroot\app\app.component.js.map
C:\Users\ktewelde\Documents\Visual Studio 2017\Test\src\Presentation\RG.Web\wwwroot\app\main.js
C:\Users\ktewelde\Documents\Visual Studio 2017\Test\src\Presentation\RG.Web\wwwroot\app\main.js.map
C:\Users\ktewelde\Documents\Visual Studio 2017\Test\src\Presentation\RG.Web\wwwroot\app\app.component.js
C:\Users\ktewelde\Documents\Visual Studio 2017\Test\src\Presentation\RG.Web\wwwroot\app\app.component.js.map
C:\Users\ktewelde\Documents\Visual Studio 2017\Test\src\Presentation\RG.Web\wwwroot\app\main.js
C:\Users\ktewelde\Documents\Visual Studio 2017\Test\src\Presentation\RG.Web\wwwroot\app\main.js.map
C:\Users\ktewelde\Documents\Visual Studio 2017\Test\src\Presentation\RG.Web\wwwroot\app\app.component.js
C:\Users\ktewelde\Documents\Visual Studio 2017\Test\src\Presentation\RG.Web\wwwroot\app\app.component.js.map
C:\Users\ktewelde\Documents\Visual Studio 2017\Test\src\Presentation\RG.Web\wwwroot\app\main.js
C:\Users\ktewelde\Documents\Visual Studio 2017\Test\src\Presentation\RG.Web\wwwroot\app\main.js.map
C:\Users\ktewelde\Documents\Visual Studio 2017\Test\src\Presentation\RG.Web\wwwroot\app\app.component.js
C:\Users\ktewelde\Documents\Visual Studio 2017\Test\src\Presentation\RG.Web\wwwroot\app\app.component.js.map
C:\Users\ktewelde\Documents\Visual Studio 2017\Test\src\Presentation\RG.Web\wwwroot\app\main.js
C:\Users\ktewelde\Documents\Visual Studio 2017\Test\src\Presentation\RG.Web\wwwroot\app\main.js.map
C:\Users\ktewelde\Documents\Visual Studio 2017\Test\src\Presentation\RG.Web\wwwroot\app\app.component.js
C:\Users\ktewelde\Documents\Visual Studio 2017\Test\src\Presentation\RG.Web\wwwroot\app\app.component.js.map
C:\Users\ktewelde\Documents\Visual Studio 2017\Test\src\Presentation\RG.Web\wwwroot\app\main.js
C:\Users\ktewelde\Documents\Visual Studio 2017\Test\src\Presentation\RG.Web\wwwroot\app\main.js.map
C:\Users\ktewelde\Documents\Visual Studio 2017\Test\src\Presentation\RG.Web\wwwroot\app\app.component.js
C:\Users\ktewelde\Documents\Visual Studio 2017\Test\src\Presentation\RG.Web\wwwroot\app\app.component.js.map
C:\Users\ktewelde\Documents\Visual Studio 2017\Test\src\Presentation\RG.Web\wwwroot\app\main.js
C:\Users\ktewelde\Documents\Visual Studio 2017\Test\src\Presentation\RG.Web\wwwroot\app\main.js.map
C:\Users\ktewelde\Documents\Visual Studio 2017\Test\src\Presentation\RG.Web\wwwroot\app\app.component.js
C:\Users\ktewelde\Documents\Visual Studio 2017\Test\src\Presentation\RG.Web\wwwroot\app\app.component.js.map
C:\Users\ktewelde\Documents\Visual Studio 2017\Test\src\Presentation\RG.Web\wwwroot\app\main.js
C:\Users\ktewelde\Documents\Visual Studio 2017\Test\src\Presentation\RG.Web\wwwroot\app\main.js.map
C:\Users\ktewelde\Documents\Visual Studio 2017\Test\src\Presentation\RG.Web\wwwroot\app\app.component.js
C:\Users\ktewelde\Documents\Visual Studio 2017\Test\src\Presentation\RG.Web\wwwroot\app\app.component.js.map
C:\Users\ktewelde\Documents\Visual Studio 2017\Test\src\Presentation\RG.Web\wwwroot\app\main.js
C:\Users\ktewelde\Documents\Visual Studio 2017\Test\src\Presentation\RG.Web\wwwroot\app\main.js.map
C:\Users\ktewelde\Documents\Visual Studio 2017\Test\src\Presentation\RG.Web\wwwroot\app\app.component.js
C:\Users\ktewelde\Documents\Visual Studio 2017\Test\src\Presentation\RG.Web\wwwroot\app\app.component.js.map
C:\Users\ktewelde\Documents\Visual Studio 2017\Test\src\Presentation\RG.Web\wwwroot\app\main.js
C:\Users\ktewelde\Documents\Visual Studio 2017\Test\src\Presentation\RG.Web\wwwroot\app\main.js.map
C:\Users\ktewelde\Documents\Visual Studio 2017\Test\src\Presentation\RG.Web\wwwroot\app\app.component.js
C:\Users\ktewelde\Documents\Visual Studio 2017\Test\src\Presentation\RG.Web\wwwroot\app\app.component.js.map
C:\Users\ktewelde\Documents\Visual Studio 2017\Test\src\Presentation\RG.Web\wwwroot\app\main.js
C:\Users\ktewelde\Documents\Visual Studio 2017\Test\src\Presentation\RG.Web\wwwroot\app\main.js.map
C:\Users\ktewelde\Documents\Visual Studio 2017\Test\src\Presentation\RG.Web\wwwroot\app\app.component.js
C:\Users\ktewelde\Documents\Visual Studio 2017\Test\src\Presentation\RG.Web\wwwroot\app\app.component.js.map
C:\Users\ktewelde\Documents\Visual Studio 2017\Test\src\Presentation\RG.Web\wwwroot\app\main.js
C:\Users\ktewelde\Documents\Visual Studio 2017\Test\src\Presentation\RG.Web\wwwroot\app\main.js.map
C:\Users\ktewelde\Documents\Visual Studio 2017\Test\src\Presentation\RG.Web\wwwroot\app\app.component.js
C:\Users\ktewelde\Documents\Visual Studio 2017\Test\src\Presentation\RG.Web\wwwroot\app\app.component.js.map
C:\Users\ktewelde\Documents\Visual Studio 2017\Test\src\Presentation\RG.Web\wwwroot\app\main.js
C:\Users\ktewelde\Documents\Visual Studio 2017\Test\src\Presentation\RG.Web\wwwroot\app\main.js.map
C:\Users\ktewelde\Documents\Visual Studio 2017\Test\src\Presentation\RG.Web\wwwroot\app\app.component.js
C:\Users\ktewelde\Documents\Visual Studio 2017\Test\src\Presentation\RG.Web\wwwroot\app\app.component.js.map
C:\Users\ktewelde\Documents\Visual Studio 2017\Test\src\Presentation\RG.Web\wwwroot\app\main.js
C:\Users\ktewelde\Documents\Visual Studio 2017\Test\src\Presentation\RG.Web\wwwroot\app\main.js.map
C:\Users\ktewelde\Documents\Visual Studio 2017\Test\src\Presentation\RG.Web\wwwroot\app\app.component.js
C:\Users\ktewelde\Documents\Visual Studio 2017\Test\src\Presentation\RG.Web\wwwroot\app\app.component.js.map
C:\Users\ktewelde\Documents\Visual Studio 2017\Test\src\Presentation\RG.Web\wwwroot\app\main.js
C:\Users\ktewelde\Documents\Visual Studio 2017\Test\src\Presentation\RG.Web\wwwroot\app\main.js.map
C:\Users\ktewelde\Documents\Visual Studio 2017\Test\src\Presentation\RG.Web\wwwroot\app\app.component.js
C:\Users\ktewelde\Documents\Visual Studio 2017\Test\src\Presentation\RG.Web\wwwroot\app\app.component.js.map
C:\Users\ktewelde\Documents\Visual Studio 2017\Test\src\Presentation\RG.Web\wwwroot\app\main.js
C:\Users\ktewelde\Documents\Visual Studio 2017\Test\src\Presentation\RG.Web\wwwroot\app\main.js.map
C:\Users\ktewelde\Documents\Visual Studio 2017\Test\src\Presentation\RG.Web\wwwroot\app\app.component.js
C:\Users\ktewelde\Documents\Visual Studio 2017\Test\src\Presentation\RG.Web\wwwroot\app\app.component.js.map
C:\Users\ktewelde\Documents\Visual Studio 2017\Test\src\Presentation\RG.Web\wwwroot\app\main.js
C:\Users\ktewelde\Documents\Visual Studio 2017\Test\src\Presentation\RG.Web\wwwroot\app\main.js.map
C:\Users\ktewelde\Documents\Visual Studio 2017\Test\src\Presentation\RG.Web\wwwroot\app\app.component.js
C:\Users\ktewelde\Documents\Visual Studio 2017\Test\src\Presentation\RG.Web\wwwroot\app\app.component.js.map
C:\Users\ktewelde\Documents\Visual Studio 2017\Test\src\Presentation\RG.Web\wwwroot\app\main.js
C:\Users\ktewelde\Documents\Visual Studio 2017\Test\src\Presentation\RG.Web\wwwroot\app\main.js.map
C:\Users\ktewelde\Documents\Visual Studio 2017\Test\src\Presentation\RG.Web\wwwroot\app\app.component.js
C:\Users\ktewelde\Documents\Visual Studio 2017\Test\src\Presentation\RG.Web\wwwroot\app\app.component.js.map
C:\Users\ktewelde\Documents\Visual Studio 2017\Test\src\Presentation\RG.Web\wwwroot\app\main.js
C:\Users\ktewelde\Documents\Visual Studio 2017\Test\src\Presentation\RG.Web\wwwroot\app\main.js.map
C:\Users\ktewelde\Documents\Visual Studio 2017\Test\src\Presentation\RG.Web\wwwroot\app\app.component.js
C:\Users\ktewelde\Documents\Visual Studio 2017\Test\src\Presentation\RG.Web\wwwroot\app\app.component.js.map
C:\Users\ktewelde\Documents\Visual Studio 2017\Test\src\Presentation\RG.Web\wwwroot\app\main.js
C:\Users\ktewelde\Documents\Visual Studio 2017\Test\src\Presentation\RG.Web\wwwroot\app\main.js.map
C:\Users\ktewelde\Documents\Visual Studio 2017\Test\src\Presentation\RG.Web\wwwroot\app\app.component.js
C:\Users\ktewelde\Documents\Visual Studio 2017\Test\src\Presentation\RG.Web\wwwroot\app\app.component.js.map
C:\Users\ktewelde\Documents\Visual Studio 2017\Test\src\Presentation\RG.Web\wwwroot\app\main.js
C:\Users\ktewelde\Documents\Visual Studio 2017\Test\src\Presentation\RG.Web\wwwroot\app\main.js.map
C:\Users\ktewelde\Documents\Visual Studio 2017\Test\src\Presentation\RG.Web\wwwroot\js\app.js
C:\Users\ktewelde\Documents\Visual Studio 2017\Test\src\Presentation\RG.Web\wwwroot\js\app.js.map
C:\Users\ktewelde\Documents\Visual Studio 2017\Test\src\Presentation\RG.Web\wwwroot\app\app.component.js
C:\Users\ktewelde\Documents\Visual Studio 2017\Test\src\Presentation\RG.Web\wwwroot\app\app.component.js.map
C:\Users\ktewelde\Documents\Visual Studio 2017\Test\src\Presentation\RG.Web\wwwroot\app\main.js
C:\Users\ktewelde\Documents\Visual Studio 2017\Test\src\Presentation\RG.Web\wwwroot\app\main.js.map
C:\Users\ktewelde\Documents\Visual Studio 2017\Test\src\Presentation\RG.Web\wwwroot\js\app.js
C:\Users\ktewelde\Documents\Visual Studio 2017\Test\src\Presentation\RG.Web\wwwroot\js\app.js.map
C:\Users\ktewelde\Documents\Visual Studio 2017\Test\src\Presentation\RG.Web\wwwroot\app\app.component.js
C:\Users\ktewelde\Documents\Visual Studio 2017\Test\src\Presentation\RG.Web\wwwroot\app\app.component.js.map
C:\Users\ktewelde\Documents\Visual Studio 2017\Test\src\Presentation\RG.Web\wwwroot\app\main.js
C:\Users\ktewelde\Documents\Visual Studio 2017\Test\src\Presentation\RG.Web\wwwroot\app\main.js.map
C:\Users\ktewelde\Documents\Visual Studio 2017\Test\src\Presentation\RG.Web\wwwroot\js\app.js
C:\Users\ktewelde\Documents\Visual Studio 2017\Test\src\Presentation\RG.Web\wwwroot\js\app.js.map
C:\Users\ktewelde\Documents\Visual Studio 2017\Test\src\Presentation\RG.Web\wwwroot\app\app.component.js
C:\Users\ktewelde\Documents\Visual Studio 2017\Test\src\Presentation\RG.Web\wwwroot\app\app.component.js.map
C:\Users\ktewelde\Documents\Visual Studio 2017\Test\src\Presentation\RG.Web\wwwroot\app\main.js
C:\Users\ktewelde\Documents\Visual Studio 2017\Test\src\Presentation\RG.Web\wwwroot\app\main.js.map
C:\Users\ktewelde\Documents\Visual Studio 2017\Test\src\Presentation\RG.Web\wwwroot\js\app.js
C:\Users\ktewelde\Documents\Visual Studio 2017\Test\src\Presentation\RG.Web\wwwroot\js\app.js.map
C:\Users\ktewelde\Documents\Visual Studio 2017\Test\src\Presentation\RG.Web\wwwroot\app\app.component.js
C:\Users\ktewelde\Documents\Visual Studio 2017\Test\src\Presentation\RG.Web\wwwroot\app\app.component.js.map
C:\Users\ktewelde\Documents\Visual Studio 2017\Test\src\Presentation\RG.Web\wwwroot\app\main.js
C:\Users\ktewelde\Documents\Visual Studio 2017\Test\src\Presentation\RG.Web\wwwroot\app\main.js.map
C:\Users\ktewelde\Documents\Visual Studio 2017\Test\src\Presentation\RG.Web\wwwroot\js\app.js
C:\Users\ktewelde\Documents\Visual Studio 2017\Test\src\Presentation\RG.Web\wwwroot\js\app.js.map
C:\Users\ktewelde\Documents\Visual Studio 2017\Test\src\Presentation\RG.Web\wwwroot\app\app.component.js
C:\Users\ktewelde\Documents\Visual Studio 2017\Test\src\Presentation\RG.Web\wwwroot\app\app.component.js.map
C:\Users\ktewelde\Documents\Visual Studio 2017\Test\src\Presentation\RG.Web\wwwroot\app\main.js
C:\Users\ktewelde\Documents\Visual Studio 2017\Test\src\Presentation\RG.Web\wwwroot\app\main.js.map
C:\Users\ktewelde\Documents\Visual Studio 2017\Test\src\Presentation\RG.Web\wwwroot\js\app.js
C:\Users\ktewelde\Documents\Visual Studio 2017\Test\src\Presentation\RG.Web\wwwroot\js\app.js.map
C:\Users\ktewelde\Documents\Visual Studio 2017\Test\src\Presentation\RG.Web\wwwroot\js\app.js
C:\Users\ktewelde\Documents\Visual Studio 2017\Test\src\Presentation\RG.Web\wwwroot\js\app.js.map
C:\Users\ktewelde\Documents\Visual Studio 2017\Test\src\Presentation\RG.Web\wwwroot\js\result-box.js
C:\Users\ktewelde\Documents\Visual Studio 2017\Test\src\Presentation\RG.Web\wwwroot\js\result-box.js
